<?xml version="1.0" encoding="UTF-8"?>
<!-- Generated by org.testng.reporters.JUnitReportReporter -->
<testsuite hostname="DESKTOP-TR185PD" failures="0" tests="1" name="com.cast.TicketBookingTest.IxigoTicketBookingTest" time="68.532" errors="0" timestamp="2022-07-26T08:59:58 IST" skipped="0">
  <testcase classname="com.cast.TicketBookingTest.IxigoTicketBookingTest" name="ticketBooking" time="68.532"/>
  <system-out>
    <![CDATA[Home page is dispalying
Bengaluru - New Delhi, Economy Flights, roundtrip, 26 Jul - 23 Aug=serach page is displaying
Filter option is working for shops,Depature, airlines]]>
  </system-out>
</testsuite> <!-- com.cast.TicketBookingTest.IxigoTicketBookingTest -->
